[2023-02-15 14:42:45,835] : [root] : [INFO] : [yaml file: configs\config.yaml loaded successfully]
[2023-02-15 14:42:45,835] : [root] : [INFO] : [created directory at: artifacts]
[2023-02-15 14:42:45,840] : [root] : [INFO] : [created directory at: artifacts/data_ingestion]
[2023-02-15 14:42:45,840] : [root] : [INFO] : [created directory at: artifacts/data_ingestion]
[2023-02-15 14:42:45,841] : [root] : [INFO] : [created directory at: artifacts/data_ingestion/train_data]
[2023-02-15 14:42:45,841] : [root] : [INFO] : [created directory at: artifacts/data_ingestion/test_data]
[2023-02-15 14:42:45,842] : [root] : [INFO] : [created directory at: artifacts/data_ingestion/complete_raw_data]
[2023-02-15 14:42:45,854] : [root] : [INFO] : [**************"stage Data Ingestion started "*****************]
[2023-02-15 14:42:45,976] : [root] : [INFO] : [Reading data from Mongodb has started]
[2023-02-15 14:42:48,473] : [root] : [INFO] : [Data from Mongodb is  converted to Dataframe]
[2023-02-15 14:42:48,498] : [root] : [INFO] : [Saving the data in the local folder]
[2023-02-15 14:42:48,499] : [root] : [INFO] : [Reading the data from the local folder ]
[2023-02-15 14:42:48,510] : [root] : [INFO] : [Splitting of the data into train and test dataset has begun]
[2023-02-15 14:42:48,512] : [root] : [INFO] : [Saving the train data at artifacts/data_ingestion/train_data\Insurance_data.csv]
[2023-02-15 14:42:48,518] : [root] : [INFO] : [Saving the test data at artifacts/data_ingestion/test_data\Insurance_data.csv]
[2023-02-15 14:42:48,521] : [root] : [INFO] : [**************"stage Data Ingestion completed" *****************]
[2023-02-15 14:42:51,276] : [root] : [INFO] : [yaml file: configs\config.yaml loaded successfully]
[2023-02-15 14:42:51,276] : [root] : [INFO] : [created directory at: artifacts]
[2023-02-15 14:42:51,281] : [root] : [INFO] : [created directory at: artifacts/data_transformation]
[2023-02-15 14:42:51,281] : [root] : [INFO] : [created directory at: artifacts/data_transformation/train_data]
[2023-02-15 14:42:51,282] : [root] : [INFO] : [created directory at: artifacts/data_transformation/test_data]
[2023-02-15 14:42:51,283] : [root] : [INFO] : [created directory at: artifacts/data_transformation/pickle]
[2023-02-15 14:42:51,283] : [root] : [INFO] : [*******************"stage DataTransformation started"*******************]
[2023-02-15 14:42:51,292] : [root] : [INFO] : [Reading train data has started from artifacts/data_ingestion/train_data\Insurance_data.csv]
[2023-02-15 14:42:51,292] : [root] : [INFO] : [Shape of the Dataframe is (1070, 7)]
[2023-02-15 14:42:51,295] : [root] : [INFO] : [filtering numerical feature to check for outliers]
[2023-02-15 14:42:51,310] : [root] : [INFO] : [Outliers handling has completed for numerical features Index(['age', 'bmi', 'children'], dtype='object')]
[2023-02-15 14:42:51,312] : [root] : [INFO] : [Applying Scaling to numerical features Index(['age', 'bmi', 'children'], dtype='object')]
[2023-02-15 14:42:51,313] : [root] : [INFO] : [Applying Onehotencoding to categorical features Index(['sex', 'smoker', 'region'], dtype='object')]
[2023-02-15 14:42:51,328] : [root] : [INFO] : [Shape of the dataframe after transform is (1070, 6)]
[2023-02-15 14:42:51,340] : [root] : [INFO] : [Saving the transformed train data at artifacts/data_transformation/train_data with filename Insurance_data.csv]
[2023-02-15 14:42:51,348] : [root] : [INFO] : [Reading test data has started from artifacts/data_ingestion/test_data\Insurance_data.csv]
[2023-02-15 14:42:51,348] : [root] : [INFO] : [Shape of the Dataframe is (268, 7)]
[2023-02-15 14:42:51,349] : [root] : [INFO] : [filtering numerical feature to check for outliers]
[2023-02-15 14:42:51,364] : [root] : [INFO] : [Outliers handling has completed for numerical features Index(['age', 'bmi', 'children'], dtype='object')]
[2023-02-15 14:42:51,365] : [root] : [INFO] : [Applying Scaling to numerical features Index(['age', 'bmi', 'children'], dtype='object')]
[2023-02-15 14:42:51,367] : [root] : [INFO] : [Applying Onehotencoding to categorical features Index(['sex', 'smoker', 'region'], dtype='object')]
[2023-02-15 14:42:51,380] : [root] : [INFO] : [Shape of the dataframe after transform is (268, 6)]
[2023-02-15 14:42:51,385] : [root] : [INFO] : [Saving the transformed test data at artifacts/data_transformation/test_data with filename Insurance_data.csv]
[2023-02-15 14:42:51,385] : [root] : [INFO] : [*******************"stage DataTransformation completed"*******************]
[2023-02-15 14:42:53,556] : [root] : [INFO] : [yaml file: configs\config.yaml loaded successfully]
[2023-02-15 14:42:53,556] : [root] : [INFO] : [created directory at: artifacts]
[2023-02-15 14:42:53,559] : [root] : [INFO] : [created directory at: artifacts/model_training/model_pickle]
[2023-02-15 14:42:53,559] : [root] : [INFO] : [created directory at: artifacts/model_training/parameter_dir]
